13:33:43 Program           INFO: Detected IPv4 address to be 145.137.122.83
13:33:43 Listener        CONFIG: Starting thread 'ListenerThread'
13:33:43 Program         CONFIG: Creating worker threads...
13:33:45 RequestWorker   CONFIG: Starting thread 'RequestWorker1'
13:33:45 ConsoleCommand  CONFIG: Starting thread 'ConsoleCommands'
13:33:45 RequestWorker   CONFIG: Starting thread 'RequestWorker2'
13:33:45 RequestWorker   CONFIG: Starting thread 'RequestWorker3'
13:33:45 RequestWorker   CONFIG: Starting thread 'RequestWorker4'
13:33:45 RequestWorker   CONFIG: Starting thread 'RequestWorker5'
13:33:45 RequestWorker   CONFIG: Starting thread 'RequestWorker6'
13:33:45 RequestWorker   CONFIG: Starting thread 'RequestWorker7'
13:33:45 RequestWorker   CONFIG: Starting thread 'RequestWorker8'
13:33:45 RequestWorker   CONFIG: Starting thread 'RequestWorker9'
13:33:45 RequestWorker   CONFIG: Starting thread 'RequestWorker10'
13:33:45 Program           INFO: Finished setup
13:34:08 Listener          FINE: Received and enqueued a request for url '/login.html'.
13:34:08 RequestWorker    TRACE: (31,49 ms) Sent file /login.html with 3465 bytes.
13:34:08 Listener          FINE: Received and enqueued a request for url '/favicon.ico'.
13:34:08 RequestWorker    TRACE: (19,13 ms) Sent file /favicon.ico with 190887 bytes.
13:34:42 Listener          FINE: Received and enqueued a request for url '/home_ts.html'.
13:34:42 RequestWorker    TRACE: (713,7 us) Sent file /home_ts.html with 776 bytes.
13:34:42 Listener          FINE: Received and enqueued a request for url '/stylesheet.css'.
13:34:42 RequestWorker    TRACE: (711,9 us) Sent file /stylesheet.css with 3288 bytes.
13:36:12 Listener          FINE: Received and enqueued a request for url '/login.html'.
13:36:12 RequestWorker    TRACE: (8,44 ms) Sent file /login.html with 3465 bytes.
13:36:23 Listener          FINE: Received and enqueued a request for url '/login.html'.
13:36:23 RequestWorker    TRACE: (6,89 ms) Sent file /login.html with 3465 bytes.
13:36:24 Listener          FINE: Received and enqueued a request for url '/login.html'.
13:36:24 RequestWorker    TRACE: (5,53 ms) Sent file /login.html with 3465 bytes.
13:36:24 Listener          FINE: Received and enqueued a request for url '/login.html'.
13:36:24 RequestWorker    TRACE: (5,61 ms) Sent file /login.html with 3465 bytes.
13:36:25 Listener          FINE: Received and enqueued a request for url '/login.html'.
13:36:25 RequestWorker    TRACE: (6,39 ms) Sent file /login.html with 3465 bytes.
13:36:34 Listener          FINE: Received and enqueued a request for url '/home_mg.html'.
13:36:34 RequestWorker    TRACE: (725,1 us) Sent file /home_mg.html with 767 bytes.
13:36:34 Listener          FINE: Received and enqueued a request for url '/stylesheet.css'.
13:36:34 RequestWorker    TRACE: (7,5 ms) Sent file /stylesheet.css with 3288 bytes.
13:36:40 Listener          FINE: Received and enqueued a request for url '/new_task_mg.html'.
13:36:40 RequestWorker    TRACE: (11,08 ms) Sent file /new_task_mg.html with 2088 bytes.
13:36:40 Listener          FINE: Received and enqueued a request for url '/stylesheet.css'.
13:36:40 RequestWorker    TRACE: (7,91 ms) Sent file /stylesheet.css with 3288 bytes.
13:36:48 Listener          FINE: Received and enqueued a request for url '/home_mg.html'.
13:36:48 RequestWorker    TRACE: (812,7 us) Sent file /home_mg.html with 767 bytes.
13:36:48 Listener          FINE: Received and enqueued a request for url '/stylesheet.css'.
13:36:48 RequestWorker    TRACE: (6,78 ms) Sent file /stylesheet.css with 3288 bytes.
13:36:49 Listener          FINE: Received and enqueued a request for url '/task_list_mg.html'.
13:36:49 RequestWorker    TRACE: (9,09 ms) Sent file /task_list_mg.html with 2240 bytes.
13:36:49 Listener          FINE: Received and enqueued a request for url '/stylesheet.css'.
13:36:49 RequestWorker    TRACE: (7,7 ms) Sent file /stylesheet.css with 3288 bytes.
13:48:22 Listener          FINE: Received and enqueued a request for url '/home_ts.html'.
13:48:22 RequestWorker    TRACE: (703,7 us) Sent file /home_ts.html with 776 bytes.
13:48:22 Listener          FINE: Received and enqueued a request for url '/stylesheet.css'.
13:48:22 RequestWorker    TRACE: (1,86 ms) Sent file /stylesheet.css with 3588 bytes.
13:48:22 Listener          FINE: Received and enqueued a request for url '/favicon.ico'.
13:48:22 RequestWorker    TRACE: (7,33 ms) Sent file /favicon.ico with 190887 bytes.
13:48:25 Listener          FINE: Received and enqueued a request for url '/task_list_ts.html'.
13:48:25 RequestWorker    TRACE: (608,4 us) Sent file /task_list_ts.html with 2249 bytes.
13:48:25 Listener          FINE: Received and enqueued a request for url '/stylesheet.css'.
13:48:25 RequestWorker    TRACE: (1,07 ms) Sent file /stylesheet.css with 3588 bytes.
13:50:47 Listener          FINE: Received and enqueued a request for url '/login.html'.
13:50:47 RequestWorker    TRACE: (7,72 ms) Sent file /login.html with 3465 bytes.
13:50:48 Listener          FINE: Received and enqueued a request for url '/favicon.ico'.
13:50:48 RequestWorker    TRACE: (321,77 ms) Sent file /favicon.ico with 190887 bytes.
13:50:51 Listener          FINE: Received and enqueued a request for url '/home_mg.html'.
13:50:51 RequestWorker    TRACE: (693,6 us) Sent file /home_mg.html with 767 bytes.
13:50:51 Listener          FINE: Received and enqueued a request for url '/stylesheet.css'.
13:50:51 RequestWorker    TRACE: (8,98 ms) Sent file /stylesheet.css with 3588 bytes.
13:50:53 Listener          FINE: Received and enqueued a request for url '/task_list_mg.html'.
13:50:53 RequestWorker    TRACE: (13,13 ms) Sent file /task_list_mg.html with 2240 bytes.
13:50:53 Listener          FINE: Received and enqueued a request for url '/stylesheet.css'.
13:50:53 RequestWorker    TRACE: (4,69 ms) Sent file /stylesheet.css with 3588 bytes.
13:51:33 Listener          FINE: Received and enqueued a request for url '/stylesheet.css'.
13:51:33 RequestWorker    TRACE: (7,77 ms) Sent file /stylesheet.css with 3588 bytes.
13:55:42 Listener          FINE: Received and enqueued a request for url '/task_list_mg.html'.
13:55:42 RequestWorker    TRACE: (7,64 ms) Sent file /task_list_mg.html with 2240 bytes.
13:55:42 Listener          FINE: Received and enqueued a request for url '/stylesheet.css'.
13:55:42 RequestWorker    TRACE: (5,2 ms) Sent file /stylesheet.css with 3592 bytes.
13:55:42 Listener          FINE: Received and enqueued a request for url '/favicon.ico'.
13:55:42 RequestWorker    TRACE: (64,91 ms) Sent file /favicon.ico with 190887 bytes.
13:55:49 Listener          FINE: Received and enqueued a request for url '/task1_mg.html'.
13:55:49 RequestWorker    TRACE: (720,4 us) Sent file /task1_mg.html with 1011 bytes.
13:55:50 Listener          FINE: Received and enqueued a request for url '/stylesheet.css'.
13:55:50 RequestWorker    TRACE: (6,56 ms) Sent file /stylesheet.css with 3592 bytes.
13:55:51 Listener          FINE: Received and enqueued a request for url '/task4_mg.html'.
13:55:51 RequestWorker    TRACE: (638,4 us) Sent file /task4_mg.html with 1128 bytes.
13:55:51 Listener          FINE: Received and enqueued a request for url '/koffiedik.jpg'.
13:55:51 Listener          FINE: Received and enqueued a request for url '/stylesheet.css'.
13:55:51 RequestWorker    TRACE: (46,85 ms) Sent file /koffiedik.jpg with 180331 bytes.
13:55:51 RequestWorker    TRACE: (21,01 ms) Sent file /stylesheet.css with 3592 bytes.
14:13:34 Listener          FINE: Received and enqueued a request for url '/login.html'.
14:13:34 RequestWorker    TRACE: (17,68 ms) Sent file /login.html with 3465 bytes.
14:13:34 Listener          FINE: Received and enqueued a request for url '/favicon.ico'.
14:13:34 RequestWorker    TRACE: (72,91 ms) Sent file /favicon.ico with 190887 bytes.
14:14:05 Listener          FINE: Received and enqueued a request for url '/home_ts.html'.
14:14:05 RequestWorker    TRACE: (895,1 us) Sent file /home_ts.html with 776 bytes.
14:14:05 Listener          FINE: Received and enqueued a request for url '/stylesheet.css'.
14:14:05 RequestWorker    TRACE: (5,61 ms) Sent file /stylesheet.css with 3613 bytes.
14:14:14 Listener          FINE: Received and enqueued a request for url '/task_list_ts.html'.
14:14:14 RequestWorker    TRACE: (5,21 ms) Sent file /task_list_ts.html with 2249 bytes.
14:14:14 Listener          FINE: Received and enqueued a request for url '/stylesheet.css'.
14:14:14 RequestWorker    TRACE: (7,52 ms) Sent file /stylesheet.css with 3613 bytes.
14:14:20 Listener          FINE: Received and enqueued a request for url '/new_task_ts.html'.
14:14:20 RequestWorker    TRACE: (5,22 ms) Sent file /new_task_ts.html with 2097 bytes.
14:14:21 Listener          FINE: Received and enqueued a request for url '/stylesheet.css'.
14:14:21 RequestWorker    TRACE: (6,83 ms) Sent file /stylesheet.css with 3613 bytes.
14:14:46 Listener          FINE: Received and enqueued a request for url '/task_list_ts.html'.
14:14:46 RequestWorker    TRACE: (9,02 ms) Sent file /task_list_ts.html with 2249 bytes.
14:14:46 Listener          FINE: Received and enqueued a request for url '/stylesheet.css'.
14:14:46 RequestWorker    TRACE: (7,69 ms) Sent file /stylesheet.css with 3613 bytes.
14:17:09 Listener          FINE: Received and enqueued a request for url '/logout.html'.
14:17:10 RequestWorker    TRACE: (1,39 ms) Sent file /logout.html with 1647 bytes.
14:17:12 Listener          FINE: Received and enqueued a request for url '/login.html'.
14:17:12 RequestWorker    TRACE: (6,58 ms) Sent file /login.html with 3465 bytes.
14:17:13 Listener          FINE: Received and enqueued a request for url '/register.html'.
14:17:13 RequestWorker    TRACE: (6,65 ms) Sent file /register.html with 2879 bytes.
14:26:18 Listener          FINE: Received and enqueued a request for url '/login.html'.
14:26:18 RequestWorker    TRACE: (5,91 ms) Sent file /login.html with 3465 bytes.
